Copyright 1986-2020 Xilinx, Inc. All Rights Reserved.
-----------------------------------------------------------------------------------------------------------------------------------------------------------------------------------------------------
| Tool Version : Vivado v.2020.2 (win64) Build 3064766 Wed Nov 18 09:12:45 MST 2020
| Date         : Fri Mar  4 18:07:58 2022
| Host         : Hajni-laptop running 64-bit major release  (build 9200)
| Command      : report_methodology -file multiplexer_3bit_4to1_methodology_drc_routed.rpt -pb multiplexer_3bit_4to1_methodology_drc_routed.pb -rpx multiplexer_3bit_4to1_methodology_drc_routed.rpx
| Design       : multiplexer_3bit_4to1
| Device       : xc7a50ticsg324-1L
| Speed File   : -1L
| Design State : Fully Routed
-----------------------------------------------------------------------------------------------------------------------------------------------------------------------------------------------------

Report Methodology

Table of Contents
-----------------
1. REPORT SUMMARY
2. REPORT DETAILS

1. REPORT SUMMARY
-----------------
            Netlist: netlist
          Floorplan: design_1
      Design limits: <entire design considered>
             Max violations: <unlimited>
             Violations found: 0
+------+----------+-------------+------------+
| Rule | Severity | Description | Violations |
+------+----------+-------------+------------+
+------+----------+-------------+------------+

2. REPORT DETAILS
-----------------

